**** STARTING TEST: hpux at 2016-12-09 12:39:34 ****
**** TEST COMPLETED ****
**** Logs moved to logs/2016-12-09/hpux
**** STARTING TEST: aix at 2016-12-09 12:39:34 ****
**** TEST COMPLETED ****
**** Logs moved to logs/2016-12-09/aix
**** STARTING TEST: linux at 2016-12-09 12:39:34 ****
**** TEST COMPLETED ****
**** Logs moved to logs/2016-12-09/linux
**** STARTING TEST: hpux at 2016-12-09 12:41:22 ****
**** TEST COMPLETED ****
**** Logs moved to logs/2016-12-09/hpux
**** STARTING TEST: aix at 2016-12-09 12:41:22 ****
**** TEST COMPLETED ****
**** Logs moved to logs/2016-12-09/aix
**** STARTING TEST: linux at 2016-12-09 12:41:22 ****
**** TEST COMPLETED ****
**** Logs moved to logs/2016-12-09/linux
**** STARTING TEST: hpux at 2016-12-09 12:42:13 ****
**** TEST COMPLETED ****
**** Logs moved to logs/2016-12-09/hpux
**** STARTING TEST: aix at 2016-12-09 12:42:13 ****
**** TEST COMPLETED ****
**** Logs moved to logs/2016-12-09/aix
**** STARTING TEST: linux at 2016-12-09 12:42:13 ****
**** TEST COMPLETED ****
**** Logs moved to logs/2016-12-09/linux
**** STARTING TEST: hpux at 2016-12-09 12:44:18 ****
**** TEST COMPLETED ****
**** Logs moved to logs/2016-12-09/hpux
**** STARTING TEST: aix at 2016-12-09 12:44:18 ****
**** TEST COMPLETED ****
**** Logs moved to logs/2016-12-09/aix
**** STARTING TEST: linux at 2016-12-09 12:44:18 ****
**** TEST COMPLETED ****
**** Logs moved to logs/2016-12-09/linux
**** STARTING TEST: hpux at 2016-12-09 12:49:35 ****
**** TEST COMPLETED ****
**** Logs moved to logs/2016-12-09/hpux
**** STARTING TEST: aix at 2016-12-09 12:49:35 ****
**** TEST COMPLETED ****
**** Logs moved to logs/2016-12-09/aix
**** STARTING TEST: linux at 2016-12-09 12:49:35 ****
**** TEST COMPLETED ****
**** Logs moved to logs/2016-12-09/linux
